Warp DeprecationWarning: The namespace `warp.context` will soon be removed from the public API. It can still be accessed from `warp._src.context` but might be changed or removed without notice.
Warp DeprecationWarning: The symbol `warp.context.Device` will soon be removed from the public API. Use `warp.Device` instead.
[92m[Compute environment] paths: 
[92m[Paths] checkpoints: /proj/heal_pangu/eqp/checkpoints (/proj/heal_pangu/eqp/checkpoints)[0m
[92m[Paths] locks: locks (/home/x_piero/equivariant-posteriors/locks)[0m
[92m[Paths] distributed_requests: distributed_requests (/home/x_piero/equivariant-posteriors/distributed_requests)[0m
[92m[Paths] artifacts: /proj/heal_pangu/eqp/artifacts (/proj/heal_pangu/eqp/artifacts)[0m
[92m[Paths] datasets: /proj/heal_pangu/datasets (/proj/heal_pangu/datasets)[0m[0m
Using device cuda
Using 16 workers [SLURM_CPUS_ON_NODE]
Wrote request file distributed_training_requests/lock_58c7827a29f108d6
/proj/heal_pangu/eqp/checkpoints/checkpoint_e377dad78167f2c9
[Device] cuda
Wrote request file distributed_training_requests/lock_58c7827a29f108d6
Trying to fetch train run...
Aquired lock distributed_training_requests/lock_58c7827a29f108d6
locks/lock_e377dad78167f2c9
Skipping large file slurm/logs/train_adapted.15615231_4294967294.err
Skipping large file croc
Skipping large file croc_v10.3.1_Linux-64bit.tar.gz
Skipping large file slurm/logs/train_adapted.15614327_4294967294.err
Trying to deserialize at /proj/heal_pangu/eqp/checkpoints/checkpoint_e377dad78167f2c9
Connecting to duck...
Connected.
Serializing config...
Render duck
[analytics] Loaded config from env.py: Analytics: S3 (eqp-metrics-staging2) → DuckLake (37.27.45.22)
Starting periodic export to s3 staging (interval: 300s)...
Serialized at  /proj/heal_pangu/eqp/checkpoints/checkpoint_e377dad78167f2c9
[10:07:31] [gpu_monitor] Initialized with 1 GPU(s)
[10:07:31] [gpu_monitor] Started (sample: 1.0s, record: 10.0s)
Run epochs...
[export] Exporting 204 rows from model_parameter to s3://eqp-metrics-staging2/staging/model_parameter/4710899729499775783_1772528852_035705.parquet
[export] Successfully exported 204 rows to s3://eqp-metrics-staging2/staging/model_parameter/4710899729499775783_1772528852_035705.parquet
[export] No new data to sync for train_step_metric
[export] No new data to sync for train_steps
[export] No new data to sync for checkpoint_sample_metric
[export] Exporting 1 rows from models to s3://eqp-metrics-staging2/staging/models/1772528852_747566.parquet
[export] Successfully exported 1 rows to s3://eqp-metrics-staging2/staging/models/1772528852_747566.parquet
[export] Exporting 1 rows from runs to s3://eqp-metrics-staging2/staging/runs/1772528853_425311.parquet
[export] Successfully exported 1 rows to s3://eqp-metrics-staging2/staging/runs/1772528853_425311.parquet
[export] Exporting 1 rows from checkpoints to s3://eqp-metrics-staging2/staging/checkpoints/1772528854_746523.parquet
[export] Successfully exported 1 rows to s3://eqp-metrics-staging2/staging/checkpoints/1772528854_746523.parquet
[export] No new data to sync for artifacts
[export] No new data to sync for artifact_chunks
[10:07:35] [export] Exported 4 files to S3 (next in 300s)
