/home/x_piero/equivariant-posteriors/.venv/lib64/python3.11/site-packages/torch/cuda/__init__.py:61: FutureWarning: The pynvml package is deprecated. Please install nvidia-ml-py instead. If you did not install pynvml directly, please report this to the maintainers of the package that installed pynvml for you.
  import pynvml  # type: ignore[import]
/home/x_piero/equivariant-posteriors/.venv/lib64/python3.11/site-packages/torch/cuda/__init__.py:61: FutureWarning: The pynvml package is deprecated. Please install nvidia-ml-py instead. If you did not install pynvml directly, please report this to the maintainers of the package that installed pynvml for you.
  import pynvml  # type: ignore[import]
/home/x_piero/equivariant-posteriors/.venv/lib64/python3.11/site-packages/torch/cuda/__init__.py:61: FutureWarning: The pynvml package is deprecated. Please install nvidia-ml-py instead. If you did not install pynvml directly, please report this to the maintainers of the package that installed pynvml for you.
  import pynvml  # type: ignore[import]
/home/x_piero/equivariant-posteriors/.venv/lib64/python3.11/site-packages/torch/cuda/__init__.py:61: FutureWarning: The pynvml package is deprecated. Please install nvidia-ml-py instead. If you did not install pynvml directly, please report this to the maintainers of the package that installed pynvml for you.
  import pynvml  # type: ignore[import]
/home/x_piero/equivariant-posteriors/.venv/lib64/python3.11/site-packages/timm/models/layers/__init__.py:48: FutureWarning: Importing from timm.models.layers is deprecated, please import via timm.layers
  warnings.warn(f"Importing from {__name__} is deprecated, please import via timm.layers", FutureWarning)
/home/x_piero/equivariant-posteriors/.venv/lib64/python3.11/site-packages/dill/_dill.py:422: PicklingWarning: Cannot locate reference to <class 'torch.optim.adamw.AdamW'>.
  StockPickler.save(self, obj, save_persistent_id)
/home/x_piero/equivariant-posteriors/.venv/lib64/python3.11/site-packages/dill/_dill.py:422: PicklingWarning: Cannot locate reference to <class 'torch.optim.adamw.AdamW'>.
  StockPickler.save(self, obj, save_persistent_id)
Traceback (most recent call last):
  File "/home/x_piero/equivariant-posteriors/experiments/weather/persisted_configs/pear_conv.py", line 85, in <module>
    distributed_train(ensemble_config.members)
  File "/home/x_piero/equivariant-posteriors/lib/distributed_trainer.py", line 96, in distributed_train
    do_train_run(distributed_train_run, device_id)
  File "/home/x_piero/equivariant-posteriors/lib/distributed_trainer.py", line 54, in do_train_run
    do_training(distributed_train_run.train_run, state, device_id)
  File "/home/x_piero/equivariant-posteriors/lib/train.py", line 464, in do_training
    do_training_unlocked(train_run, state, device_id)
  File "/home/x_piero/equivariant-posteriors/lib/train.py", line 437, in do_training_unlocked
    train(train_run, state, train_epoch_spec)
  File "/home/x_piero/equivariant-posteriors/lib/train.py", line 181, in train
    loss_val.backward()
  File "/home/x_piero/equivariant-posteriors/.venv/lib64/python3.11/site-packages/torch/_tensor.py", line 581, in backward
    torch.autograd.backward(
  File "/home/x_piero/equivariant-posteriors/.venv/lib64/python3.11/site-packages/torch/autograd/__init__.py", line 347, in backward
    _engine_run_backward(
  File "/home/x_piero/equivariant-posteriors/.venv/lib64/python3.11/site-packages/torch/autograd/graph.py", line 825, in _engine_run_backward
    return Variable._execution_engine.run_backward(  # Calls into the C++ engine to run the backward pass
           ^^^^^^^^^^^^^^^^^^^^^^^^^^^^^^^^^^^^^^^^^^^^^^^^^^^^^^^^^^^^^^^^^^^^^^^^^^^^^^^^^^^^^^^^^^^^^^
RuntimeError: Trying to backward through the graph a second time (or directly access saved tensors after they have already been freed). Saved intermediate values of the graph are freed when you call .backward() or autograd.grad(). Specify retain_graph=True if you need to backward through the graph a second time or if you need to access saved tensors after calling backward.
[2026-03-03T11:02:51.297] error: *** JOB 15657680 ON node073 CANCELLED AT 2026-03-03T11:02:51 DUE to SIGNAL Terminated ***
