Warp DeprecationWarning: The namespace `warp.context` will soon be removed from the public API. It can still be accessed from `warp._src.context` but might be changed or removed without notice.
Warp DeprecationWarning: The symbol `warp.context.Device` will soon be removed from the public API. Use `warp.Device` instead.
[92m[Compute environment] paths: 
[92m[Paths] checkpoints: /proj/heal_pangu/eqp/checkpoints (/proj/heal_pangu/eqp/checkpoints)[0m
[92m[Paths] locks: locks (/home/x_piero/equivariant-posteriors/locks)[0m
[92m[Paths] distributed_requests: distributed_requests (/home/x_piero/equivariant-posteriors/distributed_requests)[0m
[92m[Paths] artifacts: /proj/heal_pangu/eqp/artifacts (/proj/heal_pangu/eqp/artifacts)[0m
[92m[Paths] datasets: /proj/heal_pangu/datasets (/proj/heal_pangu/datasets)[0m[0m
Using device cuda
Using 16 workers [SLURM_CPUS_ON_NODE]
/proj/heal_pangu/eqp/checkpoints/checkpoint_7c0c1f94f18c495b
Wrote request file distributed_training_requests/lock_0ef15bd6ef9fe8ce
/proj/heal_pangu/eqp/checkpoints/checkpoint_7c0c1f94f18c495b
[Device] cuda
Wrote request file distributed_training_requests/lock_0ef15bd6ef9fe8ce
Trying to fetch train run...
Aquired lock distributed_training_requests/lock_0ef15bd6ef9fe8ce
/proj/heal_pangu/eqp/checkpoints/checkpoint_7c0c1f94f18c495b
locks/lock_7c0c1f94f18c495b
Skipping large file croc_v10.3.1_Linux-64bit.tar.gz
Skipping large file slurm/logs/train_adapted.15614327_4294967294.err
Skipping large file slurm/logs/train_adapted.15615231_4294967294.err
Skipping large file croc
Trying to deserialize at /proj/heal_pangu/eqp/checkpoints/checkpoint_7c0c1f94f18c495b
/proj/heal_pangu/eqp/checkpoints/checkpoint_7c0c1f94f18c495b
/proj/heal_pangu/eqp/checkpoints/checkpoint_7c0c1f94f18c495b/model_id
/proj/heal_pangu/eqp/checkpoints/checkpoint_7c0c1f94f18c495b/model
/proj/heal_pangu/eqp/checkpoints/checkpoint_7c0c1f94f18c495b/optimizer
/proj/heal_pangu/eqp/checkpoints/checkpoint_7c0c1f94f18c495b/epoch
/proj/heal_pangu/eqp/checkpoints/checkpoint_7c0c1f94f18c495b/batch
/proj/heal_pangu/eqp/checkpoints/checkpoint_7c0c1f94f18c495b/train_metrics
/proj/heal_pangu/eqp/checkpoints/checkpoint_7c0c1f94f18c495b/validation_metrics
/proj/heal_pangu/eqp/checkpoints/checkpoint_7c0c1f94f18c495b/train_run
/proj/heal_pangu/eqp/checkpoints/checkpoint_7c0c1f94f18c495b/timing_metric
Connecting to duck...
Connected.
Serializing config...
Render duck
[analytics] Loaded config from env.py: Analytics: S3 (eqp-metrics-staging2) → DuckLake (37.27.45.22)
Starting periodic export to s3 staging (interval: 300s)...
Serialized at  /proj/heal_pangu/eqp/checkpoints/checkpoint_7c0c1f94f18c495b
[11:20:13] [gpu_monitor] Initialized with 1 GPU(s)
[11:20:13] [gpu_monitor] Started (sample: 1.0s, record: 10.0s)
Run epochs...
[export] Exporting 208 rows from model_parameter to s3://eqp-metrics-staging2/staging/model_parameter/8680544925498781618_1772533214_141833.parquet
[export] Successfully exported 208 rows to s3://eqp-metrics-staging2/staging/model_parameter/8680544925498781618_1772533214_141833.parquet
[export] No new data to sync for train_step_metric
[export] No new data to sync for train_steps
[export] No new data to sync for checkpoint_sample_metric
[export] Exporting 1 rows from models to s3://eqp-metrics-staging2/staging/models/1772533214_689821.parquet
[export] Successfully exported 1 rows to s3://eqp-metrics-staging2/staging/models/1772533214_689821.parquet
[export] Exporting 1 rows from runs to s3://eqp-metrics-staging2/staging/runs/1772533215_244299.parquet
[export] Successfully exported 1 rows to s3://eqp-metrics-staging2/staging/runs/1772533215_244299.parquet
[export] Exporting 1 rows from checkpoints to s3://eqp-metrics-staging2/staging/checkpoints/1772533215_649491.parquet
[export] Successfully exported 1 rows to s3://eqp-metrics-staging2/staging/checkpoints/1772533215_649491.parquet
[export] No new data to sync for artifacts
[export] No new data to sync for artifact_chunks
[11:20:16] [export] Exported 4 files to S3 (next in 300s)
[export] No new data to sync for model_parameter
[export] Exporting 6360 rows from train_step_metric to s3://eqp-metrics-staging2/staging/train_step_metric/8680544925498781618_1772533516_503260.parquet
[export] Successfully exported 6360 rows to s3://eqp-metrics-staging2/staging/train_step_metric/8680544925498781618_1772533516_503260.parquet
[export] Exporting 2073 rows from train_steps to s3://eqp-metrics-staging2/staging/train_steps/8680544925498781618_1772533516_989090.parquet
[export] Successfully exported 2073 rows to s3://eqp-metrics-staging2/staging/train_steps/8680544925498781618_1772533516_989090.parquet
[export] No new data to sync for checkpoint_sample_metric
[export] No new data to sync for models
[export] No new data to sync for runs
[export] No new data to sync for checkpoints
[export] No new data to sync for artifacts
[export] No new data to sync for artifact_chunks
[11:25:17] [export] Exported 2 files to S3 (next in 300s)
Serialized at  /proj/heal_pangu/eqp/checkpoints/checkpoint_7c0c1f94f18c495b
[export] No new data to sync for model_parameter
[export] Exporting 6444 rows from train_step_metric to s3://eqp-metrics-staging2/staging/train_step_metric/8680544925498781618_1772533817_540763.parquet
[export] Successfully exported 6444 rows to s3://eqp-metrics-staging2/staging/train_step_metric/8680544925498781618_1772533817_540763.parquet
[export] Exporting 2098 rows from train_steps to s3://eqp-metrics-staging2/staging/train_steps/8680544925498781618_1772533817_985889.parquet
[export] Successfully exported 2098 rows to s3://eqp-metrics-staging2/staging/train_steps/8680544925498781618_1772533817_985889.parquet
[export] No new data to sync for checkpoint_sample_metric
[export] No new data to sync for models
[export] No new data to sync for runs
[export] Exporting 2 rows from checkpoints to s3://eqp-metrics-staging2/staging/checkpoints/1772533818_450922.parquet
[export] Successfully exported 2 rows to s3://eqp-metrics-staging2/staging/checkpoints/1772533818_450922.parquet
[export] No new data to sync for artifacts
[export] No new data to sync for artifact_chunks
[11:30:18] [export] Exported 3 files to S3 (next in 300s)
[export] No new data to sync for model_parameter
[export] Exporting 6495 rows from train_step_metric to s3://eqp-metrics-staging2/staging/train_step_metric/8680544925498781618_1772534118_839317.parquet
[export] Successfully exported 6495 rows to s3://eqp-metrics-staging2/staging/train_step_metric/8680544925498781618_1772534118_839317.parquet
[export] Exporting 2114 rows from train_steps to s3://eqp-metrics-staging2/staging/train_steps/8680544925498781618_1772534119_217206.parquet
[export] Successfully exported 2114 rows to s3://eqp-metrics-staging2/staging/train_steps/8680544925498781618_1772534119_217206.parquet
[export] No new data to sync for checkpoint_sample_metric
[export] No new data to sync for models
[export] No new data to sync for runs
[export] No new data to sync for checkpoints
[export] No new data to sync for artifacts
[export] No new data to sync for artifact_chunks
[11:35:19] [export] Exported 2 files to S3 (next in 300s)
Serialized at  /proj/heal_pangu/eqp/checkpoints/checkpoint_7c0c1f94f18c495b
[export] No new data to sync for model_parameter
[export] Exporting 6444 rows from train_step_metric to s3://eqp-metrics-staging2/staging/train_step_metric/8680544925498781618_1772534419_625802.parquet
[export] Successfully exported 6444 rows to s3://eqp-metrics-staging2/staging/train_step_metric/8680544925498781618_1772534419_625802.parquet
[export] Exporting 2098 rows from train_steps to s3://eqp-metrics-staging2/staging/train_steps/8680544925498781618_1772534419_939092.parquet
[export] Successfully exported 2098 rows to s3://eqp-metrics-staging2/staging/train_steps/8680544925498781618_1772534419_939092.parquet
[export] No new data to sync for checkpoint_sample_metric
[export] No new data to sync for models
[export] No new data to sync for runs
[export] Exporting 2 rows from checkpoints to s3://eqp-metrics-staging2/staging/checkpoints/1772534420_215719.parquet
[export] Successfully exported 2 rows to s3://eqp-metrics-staging2/staging/checkpoints/1772534420_215719.parquet
[export] No new data to sync for artifacts
[export] No new data to sync for artifact_chunks
[11:40:20] [export] Exported 3 files to S3 (next in 300s)
[export] No new data to sync for model_parameter
[export] Exporting 6279 rows from train_step_metric to s3://eqp-metrics-staging2/staging/train_step_metric/8680544925498781618_1772534720_730497.parquet
[export] Successfully exported 6279 rows to s3://eqp-metrics-staging2/staging/train_step_metric/8680544925498781618_1772534720_730497.parquet
[export] Exporting 2045 rows from train_steps to s3://eqp-metrics-staging2/staging/train_steps/8680544925498781618_1772534721_274466.parquet
[export] Successfully exported 2045 rows to s3://eqp-metrics-staging2/staging/train_steps/8680544925498781618_1772534721_274466.parquet
[export] No new data to sync for checkpoint_sample_metric
[export] No new data to sync for models
[export] No new data to sync for runs
[export] No new data to sync for checkpoints
[export] No new data to sync for artifacts
[export] No new data to sync for artifact_chunks
[11:45:21] [export] Exported 2 files to S3 (next in 300s)
Serialized at  /proj/heal_pangu/eqp/checkpoints/checkpoint_7c0c1f94f18c495b
[export] No new data to sync for model_parameter
[export] Exporting 6195 rows from train_step_metric to s3://eqp-metrics-staging2/staging/train_step_metric/8680544925498781618_1772535021_607817.parquet
[export] Successfully exported 6195 rows to s3://eqp-metrics-staging2/staging/train_step_metric/8680544925498781618_1772535021_607817.parquet
[export] Exporting 2013 rows from train_steps to s3://eqp-metrics-staging2/staging/train_steps/8680544925498781618_1772535021_950928.parquet
[export] Successfully exported 2013 rows to s3://eqp-metrics-staging2/staging/train_steps/8680544925498781618_1772535021_950928.parquet
[export] No new data to sync for checkpoint_sample_metric
[export] No new data to sync for models
[export] No new data to sync for runs
[export] Exporting 2 rows from checkpoints to s3://eqp-metrics-staging2/staging/checkpoints/1772535022_850406.parquet
[export] Successfully exported 2 rows to s3://eqp-metrics-staging2/staging/checkpoints/1772535022_850406.parquet
[export] No new data to sync for artifacts
[export] No new data to sync for artifact_chunks
[11:50:23] [export] Exported 3 files to S3 (next in 300s)
[export] No new data to sync for model_parameter
[export] Exporting 6435 rows from train_step_metric to s3://eqp-metrics-staging2/staging/train_step_metric/8680544925498781618_1772535323_449898.parquet
[export] Successfully exported 6435 rows to s3://eqp-metrics-staging2/staging/train_step_metric/8680544925498781618_1772535323_449898.parquet
[export] Exporting 2096 rows from train_steps to s3://eqp-metrics-staging2/staging/train_steps/8680544925498781618_1772535323_927648.parquet
[export] Successfully exported 2096 rows to s3://eqp-metrics-staging2/staging/train_steps/8680544925498781618_1772535323_927648.parquet
[export] No new data to sync for checkpoint_sample_metric
[export] No new data to sync for models
[export] No new data to sync for runs
[export] No new data to sync for checkpoints
[export] No new data to sync for artifacts
[export] No new data to sync for artifact_chunks
[11:55:24] [export] Exported 2 files to S3 (next in 300s)
Serialized at  /proj/heal_pangu/eqp/checkpoints/checkpoint_7c0c1f94f18c495b
[export] No new data to sync for model_parameter
[export] Exporting 6394 rows from train_step_metric to s3://eqp-metrics-staging2/staging/train_step_metric/8680544925498781618_1772535624_244911.parquet
[export] Successfully exported 6394 rows to s3://eqp-metrics-staging2/staging/train_step_metric/8680544925498781618_1772535624_244911.parquet
[export] Exporting 2084 rows from train_steps to s3://eqp-metrics-staging2/staging/train_steps/8680544925498781618_1772535624_762911.parquet
[export] Successfully exported 2084 rows to s3://eqp-metrics-staging2/staging/train_steps/8680544925498781618_1772535624_762911.parquet
[export] No new data to sync for checkpoint_sample_metric
[export] No new data to sync for models
[export] No new data to sync for runs
[export] Exporting 2 rows from checkpoints to s3://eqp-metrics-staging2/staging/checkpoints/1772535625_183174.parquet
[export] Successfully exported 2 rows to s3://eqp-metrics-staging2/staging/checkpoints/1772535625_183174.parquet
[export] No new data to sync for artifacts
[export] No new data to sync for artifact_chunks
[12:00:25] [export] Exported 3 files to S3 (next in 300s)
[export] No new data to sync for model_parameter
[export] Exporting 6432 rows from train_step_metric to s3://eqp-metrics-staging2/staging/train_step_metric/8680544925498781618_1772535925_975720.parquet
[export] Successfully exported 6432 rows to s3://eqp-metrics-staging2/staging/train_step_metric/8680544925498781618_1772535925_975720.parquet
[export] Exporting 2096 rows from train_steps to s3://eqp-metrics-staging2/staging/train_steps/8680544925498781618_1772535926_787201.parquet
[export] Successfully exported 2096 rows to s3://eqp-metrics-staging2/staging/train_steps/8680544925498781618_1772535926_787201.parquet
[export] No new data to sync for checkpoint_sample_metric
[export] No new data to sync for models
[export] No new data to sync for runs
[export] No new data to sync for checkpoints
[export] No new data to sync for artifacts
[export] No new data to sync for artifact_chunks
[12:05:27] [export] Exported 2 files to S3 (next in 300s)
Serialized at  /proj/heal_pangu/eqp/checkpoints/checkpoint_7c0c1f94f18c495b
[export] No new data to sync for model_parameter
[export] Exporting 6033 rows from train_step_metric to s3://eqp-metrics-staging2/staging/train_step_metric/8680544925498781618_1772536227_380674.parquet
[export] Successfully exported 6033 rows to s3://eqp-metrics-staging2/staging/train_step_metric/8680544925498781618_1772536227_380674.parquet
[export] Exporting 1958 rows from train_steps to s3://eqp-metrics-staging2/staging/train_steps/8680544925498781618_1772536227_831974.parquet
[export] Successfully exported 1958 rows to s3://eqp-metrics-staging2/staging/train_steps/8680544925498781618_1772536227_831974.parquet
[export] No new data to sync for checkpoint_sample_metric
[export] No new data to sync for models
[export] No new data to sync for runs
[export] Exporting 2 rows from checkpoints to s3://eqp-metrics-staging2/staging/checkpoints/1772536228_307498.parquet
[export] Successfully exported 2 rows to s3://eqp-metrics-staging2/staging/checkpoints/1772536228_307498.parquet
[export] No new data to sync for artifacts
[export] No new data to sync for artifact_chunks
[12:10:29] [export] Exported 3 files to S3 (next in 300s)
[export] No new data to sync for model_parameter
[export] Exporting 6402 rows from train_step_metric to s3://eqp-metrics-staging2/staging/train_step_metric/8680544925498781618_1772536529_963412.parquet
[export] Successfully exported 6402 rows to s3://eqp-metrics-staging2/staging/train_step_metric/8680544925498781618_1772536529_963412.parquet
[export] Exporting 2086 rows from train_steps to s3://eqp-metrics-staging2/staging/train_steps/8680544925498781618_1772536530_636034.parquet
[export] Successfully exported 2086 rows to s3://eqp-metrics-staging2/staging/train_steps/8680544925498781618_1772536530_636034.parquet
[export] No new data to sync for checkpoint_sample_metric
[export] No new data to sync for models
[export] No new data to sync for runs
[export] No new data to sync for checkpoints
[export] No new data to sync for artifacts
[export] No new data to sync for artifact_chunks
[12:15:31] [export] Exported 2 files to S3 (next in 300s)
Serialized at  /proj/heal_pangu/eqp/checkpoints/checkpoint_7c0c1f94f18c495b
[export] No new data to sync for model_parameter
[export] Exporting 6468 rows from train_step_metric to s3://eqp-metrics-staging2/staging/train_step_metric/8680544925498781618_1772536831_017757.parquet
[export] Successfully exported 6468 rows to s3://eqp-metrics-staging2/staging/train_step_metric/8680544925498781618_1772536831_017757.parquet
[export] Exporting 2105 rows from train_steps to s3://eqp-metrics-staging2/staging/train_steps/8680544925498781618_1772536831_607555.parquet
[export] Successfully exported 2105 rows to s3://eqp-metrics-staging2/staging/train_steps/8680544925498781618_1772536831_607555.parquet
[export] No new data to sync for checkpoint_sample_metric
[export] No new data to sync for models
[export] No new data to sync for runs
[export] Exporting 2 rows from checkpoints to s3://eqp-metrics-staging2/staging/checkpoints/1772536832_013564.parquet
[export] Successfully exported 2 rows to s3://eqp-metrics-staging2/staging/checkpoints/1772536832_013564.parquet
[export] No new data to sync for artifacts
[export] No new data to sync for artifact_chunks
[12:20:32] [export] Exported 3 files to S3 (next in 300s)
